19.4s 1 /kaggle/working/Obj_det/nlp_hw_3
26.3s 2 ****************准备数据****************
30.6s 3 训练数据集大小： 18974903
30.6s 4 训练标签集大小： 18974903
31.4s 5 vocab大小: 6175
31.4s 6 tag2id: {'B_PER': 0, 'I_LOC': 1, 'I_T': 2, 'I_ORG': 3, 'B_LOC': 4, 'I_PER': 5, 'O': 6, 'B_T': 7, 'B_ORG': 8}
37.4s 7 data示例: (['《', '意', '见', '》', '共', '五', '部', '分', ':', '第', '一', '部', '分', '“', '量', '刑', '的', '指', '导', '原', '则', '”', ',', '规', '定', '了', '以', '事', '实', '为', '根', '据', '、', '以', '法', '律', '为', '准', '绳', ',', '罪', '责', '刑', '相', '适', '应', ',', '宽', '严', '相', '济', '以', '及', '量', '刑', '均', '衡', '原', '则', ';', '第', '二', '部', '分', '“', '量', '刑', '的', '基', '本', '方', '法', '”', ',', '规', '定', '了', '量', '刑', '步', '骤', '、', '调', '节', '基', '准', '刑', '的', '方', '法', '和', '确', '定', '宣', '告', '刑', '的', '方', '法', ';', '第', '三', '部', '分', '“', '常', '见', '量', '刑', '情', '节', '的', '适', '用', '”', ',', '明', '确', '了', '1', '4', '种', '常', '见', '量', '刑', '情', '节', '的', '调', '节', '幅', '度', ';', '第', '四', '部', '分', '“', '常', '见', '犯', '罪', '的', '量', '刑', '”', ',', '就', '经', '过', '多', '年', '试', '行', '的', '交', '通', '肇', '事', '罪', '、', '故', '意', '伤', '害', '罪', '、', '强', '奸', '罪', '、', '非', '法', '拘', '禁', '罪', '、', '抢', '劫', '罪', '、', '盗', '窃', '罪', '、', '诈', '骗', '罪', '、', '抢', '夺', '罪', '、', '职', '务', '侵', '占', '罪', '、', '敲', '诈', '勒', '索', '罪', '、', '妨', '害', '公', '务', '罪', '、', '聚', '众', '斗', '殴', '罪', '、', '寻', '衅', '滋', '事', '罪', '、', '掩', '饰', '、', '隐', '瞒', '犯', '罪', '所', '得', '、', '犯', '罪', '所', '得', '收', '益', '罪', '以', '及', '走', '私', '、', '贩', '卖', '、', '运', '输', '、', '制', '造', '毒', '品', '罪', '等', '1', '5', '种', '犯', '罪', '的', '量', '刑', '提', '出', '了', '指', '导', '意', '见', ';', '第', '五', '部', '分', '“', '附', '则', '”', ',', '明', '确', '《', '意', '见', '》', '规', '范', '上', '列', '1', '5', '种', '犯', '罪', '判', '处', '有', '期', '徒', '刑', '、', '拘', '役', '的', '案', '件', '范', '围', '。'], ['O', 'O', 'O', 'O', 'O', 'O', 'O', 'O', 'O', 'O', 'O', 'O', 'O', 'O', 'O', 'O', 'O', 'O', 'O', 'O', 'O', 'O', 'O', 'O', 'O', 'O', 'O', 'O', 'O', 'O', 'O', 'O', 'O', 'O', 'O', 'O', 'O', 'O', 'O', 'O', 'O', 'O', 'O', 'O', 'O', 'O', 'O', 'O', 'O', 'O', 'O', 'O', 'O', 'O', 'O', 'O', 'O', 'O', 'O', 'O', 'O', 'O', 'O', 'O', 'O', 'O', 'O', 'O', 'O', 'O', 'O', 'O', 'O', 'O', 'O', 'O', 'O', 'O', 'O', 'O', 'O', 'O', 'O', 'O', 'O', 'O', 'O', 'O', 'O', 'O', 'O', 'O', 'O', 'O', 'O', 'O', 'O', 'O', 'O', 'O', 'O', 'O', 'O', 'O', 'O', 'O', 'O', 'O', 'O', 'O', 'O', 'O', 'O', 'O', 'O', 'O', 'O', 'O', 'O', 'O', 'O', 'O', 'O', 'O', 'O', 'O', 'O', 'O', 'O', 'O', 'O', 'O', 'O', 'O', 'O', 'O', 'O', 'O', 'O', 'O', 'O', 'O', 'O', 'O', 'O', 'O', 'O', 'O', 'O', 'O', 'O', 'O', 'O', 'O', 'O', 'O', 'O', 'O', 'O', 'O', 'O', 'O', 'O', 'O', 'O', 'O', 'O', 'O', 'O', 'O', 'O', 'O', 'O', 'O', 'O', 'O', 'O', 'O', 'O', 'O', 'O', 'O', 'O', 'O', 'O', 'O', 'O', 'O', 'O', 'O', 'O', 'O', 'O', 'O', 'O', 'O', 'O', 'O', 'O', 'O', 'O', 'O', 'O', 'O', 'O', 'O', 'O', 'O', 'O', 'O', 'O', 'O', 'O', 'O', 'O', 'O', 'O', 'O', 'O', 'O', 'O', 'O', 'O', 'O', 'O', 'O', 'O', 'O', 'O', 'O', 'O', 'O', 'O', 'O', 'O', 'O', 'O', 'O', 'O', 'O', 'O', 'O', 'O', 'O', 'O', 'O', 'O', 'O', 'O', 'O', 'O', 'O', 'O', 'O', 'O', 'O', 'O', 'O', 'O', 'O', 'O', 'O', 'O', 'O', 'O', 'O', 'O', 'O', 'O', 'O', 'O', 'O', 'O', 'O', 'O', 'O', 'O', 'O', 'O', 'O', 'O', 'O', 'O', 'O', 'O', 'O', 'O', 'O', 'O', 'O', 'O', 'O', 'O', 'O', 'O', 'O', 'O', 'O', 'O', 'O', 'O', 'O', 'O', 'O', 'O', 'O', 'O', 'O', 'O', 'O', 'O', 'O', 'O'])
37.4s 8 313 313
37.4s 9 ****************开始训练****************
37.4s 10 ===========================================
37.4s 11 epoch: 0
3283.6s 12 处理dev集...
3284.2s 13 dev_data示例: (['恒', '天', '然', '公', '司', '的', '董', '事', '经', '理', 'P', 'e', 't', 'e', 'r', 'M', 'c', 'C', 'l', 'u', 'r', 'e', '表', '示', ',', '公', '司', '对', '此', '深', '感', '歉', '意', ',', '“', '虽', '然', '召', '回', '会', '对', '公', '司', '造', '成', '很', '大', '影', '响', ',', '但', '是', '食', '品', '的', '安', '全', '与', '质', '量', '是', '我', '们', '的', '首', '要', '任', '务', '。', '”', '在', '新', '西', '兰', '北', '岛', '的', '人', '们', '已', '经', '被', '告', '知', '不', '要', '再', '使', '用', '这', '些', '奶', '油', ',', '并', '且', '可', '以', '回', '到', '购', '买', '的', '地', '方', '退', '货', '。'], ['O', 'O', 'O', 'O', 'O', 'O', 'O', 'O', 'O', 'O', 'O', 'O', 'O', 'O', 'O', 'O', 'O', 'O', 'O', 'O', 'O', 'O', 'O', 'O', 'O', 'O', 'O', 'O', 'O', 'O', 'O', 'O', 'O', 'O', 'O', 'O', 'O', 'O', 'O', 'O', 'O', 'O', 'O', 'O', 'O', 'O', 'O', 'O', 'O', 'O', 'O', 'O', 'O', 'O', 'O', 'O', 'O', 'O', 'O', 'O', 'O', 'O', 'O', 'O', 'O', 'O', 'O', 'O', 'O', 'O', 'O', 'B_LOC', 'I_LOC', 'I_LOC', 'O', 'O', 'O', 'O', 'O', 'O', 'O', 'O', 'O', 'O', 'O', 'O', 'O', 'O', 'O', 'O', 'O', 'O', 'O', 'O', 'O', 'O', 'O', 'O', 'O', 'O', 'O', 'O', 'O', 'O', 'O', 'O', 'O', 'O'])
3284.2s 14 开始验证...
4221.0s 15 dev_predicts_tag示例: tensor([6, 6, 6, 6, 6, 6, 6, 6, 6, 6, 6, 6, 6, 6, 6, 6, 6, 6, 6, 6, 6, 6, 6, 6,
4221.0s 16 6, 6, 6, 6, 6, 6, 6, 6, 6, 6, 6, 6, 6, 6, 6, 6, 6, 6, 6, 6, 6, 6, 6, 6,
4221.0s 17 6, 6, 6, 6, 6, 6, 6, 6, 6, 6, 6, 6, 6, 6, 6, 6, 6, 6, 6, 6, 6, 6, 6, 6,
4221.0s 18 4, 1, 1, 1, 6, 6, 6, 6, 6, 6, 6, 6, 6, 6, 6, 6, 6, 6, 6, 6, 6, 6, 6, 6,
4221.0s 19 6, 6, 6, 6, 6, 6, 6, 6, 6, 6, 6, 6])
4221.0s 20 dev_tags示例: tensor([6, 6, 6, 6, 6, 6, 6, 6, 6, 6, 6, 6, 6, 6, 6, 6, 6, 6, 6, 6, 6, 6, 6, 6,
4221.0s 21 6, 6, 6, 6, 6, 6, 6, 6, 6, 6, 6, 6, 6, 6, 6, 6, 6, 6, 6, 6, 6, 6, 6, 6,
4221.0s 22 6, 6, 6, 6, 6, 6, 6, 6, 6, 6, 6, 6, 6, 6, 6, 6, 6, 6, 6, 6, 6, 6, 6, 4,
4221.0s 23 1, 1, 6, 6, 6, 6, 6, 6, 6, 6, 6, 6, 6, 6, 6, 6, 6, 6, 6, 6, 6, 6, 6, 6,
4221.0s 24 6, 6, 6, 6, 6, 6, 6, 6, 6, 6, 6, 6])
4221.0s 25 评估模型...
4224.1s 26 Precision: 0.8326165736018871
4224.1s 27 Recall: 0.6616259166167215
4224.1s 28 F1 Score: 0.7193532749641495
4225.0s 29 loss: tensor([0.1301], grad_fn=<SubBackward0>)
4225.0s 30 ===========================================
4225.0s 31 ===========================================
4225.0s 32 epoch: 1
8026.8s 33 处理dev集...
8027.7s 34 dev_data示例: (['恒', '天', '然', '公', '司', '的', '董', '事', '经', '理', 'P', 'e', 't', 'e', 'r', 'M', 'c', 'C', 'l', 'u', 'r', 'e', '表', '示', ',', '公', '司', '对', '此', '深', '感', '歉', '意', ',', '“', '虽', '然', '召', '回', '会', '对', '公', '司', '造', '成', '很', '大', '影', '响', ',', '但', '是', '食', '品', '的', '安', '全', '与', '质', '量', '是', '我', '们', '的', '首', '要', '任', '务', '。', '”', '在', '新', '西', '兰', '北', '岛', '的', '人', '们', '已', '经', '被', '告', '知', '不', '要', '再', '使', '用', '这', '些', '奶', '油', ',', '并', '且', '可', '以', '回', '到', '购', '买', '的', '地', '方', '退', '货', '。'], ['O', 'O', 'O', 'O', 'O', 'O', 'O', 'O', 'O', 'O', 'O', 'O', 'O', 'O', 'O', 'O', 'O', 'O', 'O', 'O', 'O', 'O', 'O', 'O', 'O', 'O', 'O', 'O', 'O', 'O', 'O', 'O', 'O', 'O', 'O', 'O', 'O', 'O', 'O', 'O', 'O', 'O', 'O', 'O', 'O', 'O', 'O', 'O', 'O', 'O', 'O', 'O', 'O', 'O', 'O', 'O', 'O', 'O', 'O', 'O', 'O', 'O', 'O', 'O', 'O', 'O', 'O', 'O', 'O', 'O', 'O', 'B_LOC', 'I_LOC', 'I_LOC', 'O', 'O', 'O', 'O', 'O', 'O', 'O', 'O', 'O', 'O', 'O', 'O', 'O', 'O', 'O', 'O', 'O', 'O', 'O', 'O', 'O', 'O', 'O', 'O', 'O', 'O', 'O', 'O', 'O', 'O', 'O', 'O', 'O', 'O'])
8027.7s 35 开始验证...
8994.0s 36 dev_predicts_tag示例: tensor([6, 6, 6, 6, 6, 6, 6, 6, 6, 6, 6, 6, 6, 6, 6, 6, 6, 6, 6, 6, 6, 6, 6, 6,
8994.0s 37 6, 6, 6, 6, 6, 6, 6, 6, 6, 6, 6, 6, 6, 6, 6, 6, 6, 6, 6, 6, 6, 6, 6, 6,
8994.0s 38 6, 6, 6, 6, 6, 6, 6, 6, 6, 6, 6, 6, 6, 6, 6, 6, 6, 6, 6, 6, 6, 6, 6, 4,
8994.0s 39 1, 1, 1, 1, 6, 6, 6, 6, 6, 6, 6, 6, 6, 6, 6, 6, 6, 6, 6, 6, 6, 6, 6, 6,
8994.0s 40 6, 6, 6, 6, 6, 6, 6, 6, 6, 6, 6, 6])
8994.0s 41 dev_tags示例: tensor([6, 6, 6, 6, 6, 6, 6, 6, 6, 6, 6, 6, 6, 6, 6, 6, 6, 6, 6, 6, 6, 6, 6, 6,
8994.0s 42 6, 6, 6, 6, 6, 6, 6, 6, 6, 6, 6, 6, 6, 6, 6, 6, 6, 6, 6, 6, 6, 6, 6, 6,
8994.0s 43 6, 6, 6, 6, 6, 6, 6, 6, 6, 6, 6, 6, 6, 6, 6, 6, 6, 6, 6, 6, 6, 6, 6, 4,
8994.0s 44 1, 1, 6, 6, 6, 6, 6, 6, 6, 6, 6, 6, 6, 6, 6, 6, 6, 6, 6, 6, 6, 6, 6, 6,
8994.0s 45 6, 6, 6, 6, 6, 6, 6, 6, 6, 6, 6, 6])
8994.4s 46 评估模型...
8997.3s 47 Precision: 0.8211421098162623
8997.3s 48 Recall: 0.7446214149062909
8997.3s 49 F1 Score: 0.7672955154175021
8998.2s 50 loss: tensor([0.0048], grad_fn=<SubBackward0>)
8998.2s 51 ===========================================
8998.2s 52 ===========================================
8998.2s 53 epoch: 2
12859.1s 54 处理dev集...
12859.9s 55 dev_data示例: (['恒', '天', '然', '公', '司', '的', '董', '事', '经', '理', 'P', 'e', 't', 'e', 'r', 'M', 'c', 'C', 'l', 'u', 'r', 'e', '表', '示', ',', '公', '司', '对', '此', '深', '感', '歉', '意', ',', '“', '虽', '然', '召', '回', '会', '对', '公', '司', '造', '成', '很', '大', '影', '响', ',', '但', '是', '食', '品', '的', '安', '全', '与', '质', '量', '是', '我', '们', '的', '首', '要', '任', '务', '。', '”', '在', '新', '西', '兰', '北', '岛', '的', '人', '们', '已', '经', '被', '告', '知', '不', '要', '再', '使', '用', '这', '些', '奶', '油', ',', '并', '且', '可', '以', '回', '到', '购', '买', '的', '地', '方', '退', '货', '。'], ['O', 'O', 'O', 'O', 'O', 'O', 'O', 'O', 'O', 'O', 'O', 'O', 'O', 'O', 'O', 'O', 'O', 'O', 'O', 'O', 'O', 'O', 'O', 'O', 'O', 'O', 'O', 'O', 'O', 'O', 'O', 'O', 'O', 'O', 'O', 'O', 'O', 'O', 'O', 'O', 'O', 'O', 'O', 'O', 'O', 'O', 'O', 'O', 'O', 'O', 'O', 'O', 'O', 'O', 'O', 'O', 'O', 'O', 'O', 'O', 'O', 'O', 'O', 'O', 'O', 'O', 'O', 'O', 'O', 'O', 'O', 'B_LOC', 'I_LOC', 'I_LOC', 'O', 'O', 'O', 'O', 'O', 'O', 'O', 'O', 'O', 'O', 'O', 'O', 'O', 'O', 'O', 'O', 'O', 'O', 'O', 'O', 'O', 'O', 'O', 'O', 'O', 'O', 'O', 'O', 'O', 'O', 'O', 'O', 'O', 'O'])
12859.9s 56 开始验证...
13845.2s 57 dev_predicts_tag示例: tensor([6, 6, 6, 6, 6, 6, 6, 6, 6, 6, 6, 6, 6, 6, 6, 6, 6, 6, 6, 6, 6, 6, 6, 6,
13845.2s 58 6, 6, 6, 6, 6, 6, 6, 6, 6, 6, 6, 6, 6, 6, 6, 6, 6, 6, 6, 6, 6, 6, 6, 6,
13845.2s 59 6, 6, 6, 6, 6, 6, 6, 6, 6, 6, 6, 6, 6, 6, 6, 6, 6, 6, 6, 6, 6, 6, 6, 4,
13845.2s 60 1, 1, 1, 1, 6, 6, 6, 6, 6, 6, 6, 6, 6, 6, 6, 6, 6, 6, 6, 6, 6, 6, 6, 6,
13845.2s 61 6, 6, 6, 6, 6, 6, 6, 6, 6, 6, 6, 6])
13845.2s 62 dev_tags示例: tensor([6, 6, 6, 6, 6, 6, 6, 6, 6, 6, 6, 6, 6, 6, 6, 6, 6, 6, 6, 6, 6, 6, 6, 6,
13845.2s 63 6, 6, 6, 6, 6, 6, 6, 6, 6, 6, 6, 6, 6, 6, 6, 6, 6, 6, 6, 6, 6, 6, 6, 6,
13845.2s 64 6, 6, 6, 6, 6, 6, 6, 6, 6, 6, 6, 6, 6, 6, 6, 6, 6, 6, 6, 6, 6, 6, 6, 4,
13845.2s 65 1, 1, 6, 6, 6, 6, 6, 6, 6, 6, 6, 6, 6, 6, 6, 6, 6, 6, 6, 6, 6, 6, 6, 6,
13845.2s 66 6, 6, 6, 6, 6, 6, 6, 6, 6, 6, 6, 6])
13845.5s 67 评估模型...
13848.6s 68 Precision: 0.9309021710072071
13848.6s 69 Recall: 0.6736218520542763
13848.6s 70 F1 Score: 0.7551804255576171
13849.5s 71 loss: tensor([1.3251], grad_fn=<SubBackward0>)
13849.5s 72 ===========================================
13849.5s 73 ===========================================
13849.5s 74 epoch: 3
17638.6s 75 处理dev集...
17639.4s 76 dev_data示例: (['恒', '天', '然', '公', '司', '的', '董', '事', '经', '理', 'P', 'e', 't', 'e', 'r', 'M', 'c', 'C', 'l', 'u', 'r', 'e', '表', '示', ',', '公', '司', '对', '此', '深', '感', '歉', '意', ',', '“', '虽', '然', '召', '回', '会', '对', '公', '司', '造', '成', '很', '大', '影', '响', ',', '但', '是', '食', '品', '的', '安', '全', '与', '质', '量', '是', '我', '们', '的', '首', '要', '任', '务', '。', '”', '在', '新', '西', '兰', '北', '岛', '的', '人', '们', '已', '经', '被', '告', '知', '不', '要', '再', '使', '用', '这', '些', '奶', '油', ',', '并', '且', '可', '以', '回', '到', '购', '买', '的', '地', '方', '退', '货', '。'], ['O', 'O', 'O', 'O', 'O', 'O', 'O', 'O', 'O', 'O', 'O', 'O', 'O', 'O', 'O', 'O', 'O', 'O', 'O', 'O', 'O', 'O', 'O', 'O', 'O', 'O', 'O', 'O', 'O', 'O', 'O', 'O', 'O', 'O', 'O', 'O', 'O', 'O', 'O', 'O', 'O', 'O', 'O', 'O', 'O', 'O', 'O', 'O', 'O', 'O', 'O', 'O', 'O', 'O', 'O', 'O', 'O', 'O', 'O', 'O', 'O', 'O', 'O', 'O', 'O', 'O', 'O', 'O', 'O', 'O', 'O', 'B_LOC', 'I_LOC', 'I_LOC', 'O', 'O', 'O', 'O', 'O', 'O', 'O', 'O', 'O', 'O', 'O', 'O', 'O', 'O', 'O', 'O', 'O', 'O', 'O', 'O', 'O', 'O', 'O', 'O', 'O', 'O', 'O', 'O', 'O', 'O', 'O', 'O', 'O', 'O'])
17639.4s 77 开始验证...
18611.2s 78 dev_predicts_tag示例: tensor([6, 6, 6, 6, 6, 6, 6, 6, 6, 6, 6, 6, 6, 6, 6, 6, 6, 6, 6, 6, 6, 6, 6, 6,
18611.2s 79 6, 6, 6, 6, 6, 6, 6, 6, 6, 6, 6, 6, 6, 6, 6, 6, 6, 6, 6, 6, 6, 6, 6, 6,
18611.2s 80 6, 6, 6, 6, 6, 6, 6, 6, 6, 6, 6, 6, 6, 6, 6, 6, 6, 6, 6, 6, 6, 6, 6, 4,
18611.2s 81 1, 1, 1, 1, 6, 6, 6, 6, 6, 6, 6, 6, 6, 6, 6, 6, 6, 6, 6, 6, 6, 6, 6, 6,
18611.2s 82 6, 6, 6, 6, 6, 6, 6, 6, 6, 6, 6, 6])
18611.2s 83 dev_tags示例: tensor([6, 6, 6, 6, 6, 6, 6, 6, 6, 6, 6, 6, 6, 6, 6, 6, 6, 6, 6, 6, 6, 6, 6, 6,
18611.2s 84 6, 6, 6, 6, 6, 6, 6, 6, 6, 6, 6, 6, 6, 6, 6, 6, 6, 6, 6, 6, 6, 6, 6, 6,
18611.2s 85 6, 6, 6, 6, 6, 6, 6, 6, 6, 6, 6, 6, 6, 6, 6, 6, 6, 6, 6, 6, 6, 6, 6, 4,
18611.2s 86 1, 1, 6, 6, 6, 6, 6, 6, 6, 6, 6, 6, 6, 6, 6, 6, 6, 6, 6, 6, 6, 6, 6, 6,
18611.2s 87 6, 6, 6, 6, 6, 6, 6, 6, 6, 6, 6, 6])
18611.5s 88 评估模型...
18614.2s 89 Precision: 0.9076071767041205
18614.2s 90 Recall: 0.7500192547915356
18614.2s 91 F1 Score: 0.8061086505321593
18615.1s 92 loss: tensor([0.0868], grad_fn=<SubBackward0>)
18615.1s 93 ===========================================
18615.1s 94 ===========================================
18615.1s 95 epoch: 4
22089.8s 96 处理dev集...
22092.2s 97 dev_data示例: (['恒', '天', '然', '公', '司', '的', '董', '事', '经', '理', 'P', 'e', 't', 'e', 'r', 'M', 'c', 'C', 'l', 'u', 'r', 'e', '表', '示', ',', '公', '司', '对', '此', '深', '感', '歉', '意', ',', '“', '虽', '然', '召', '回', '会', '对', '公', '司', '造', '成', '很', '大', '影', '响', ',', '但', '是', '食', '品', '的', '安', '全', '与', '质', '量', '是', '我', '们', '的', '首', '要', '任', '务', '。', '”', '在', '新', '西', '兰', '北', '岛', '的', '人', '们', '已', '经', '被', '告', '知', '不', '要', '再', '使', '用', '这', '些', '奶', '油', ',', '并', '且', '可', '以', '回', '到', '购', '买', '的', '地', '方', '退', '货', '。'], ['O', 'O', 'O', 'O', 'O', 'O', 'O', 'O', 'O', 'O', 'O', 'O', 'O', 'O', 'O', 'O', 'O', 'O', 'O', 'O', 'O', 'O', 'O', 'O', 'O', 'O', 'O', 'O', 'O', 'O', 'O', 'O', 'O', 'O', 'O', 'O', 'O', 'O', 'O', 'O', 'O', 'O', 'O', 'O', 'O', 'O', 'O', 'O', 'O', 'O', 'O', 'O', 'O', 'O', 'O', 'O', 'O', 'O', 'O', 'O', 'O', 'O', 'O', 'O', 'O', 'O', 'O', 'O', 'O', 'O', 'O', 'B_LOC', 'I_LOC', 'I_LOC', 'O', 'O', 'O', 'O', 'O', 'O', 'O', 'O', 'O', 'O', 'O', 'O', 'O', 'O', 'O', 'O', 'O', 'O', 'O', 'O', 'O', 'O', 'O', 'O', 'O', 'O', 'O', 'O', 'O', 'O', 'O', 'O', 'O', 'O'])
22092.2s 98 开始验证...
23056.4s 99 dev_predicts_tag示例: tensor([6, 6, 6, 6, 6, 6, 6, 6, 6, 6, 6, 6, 6, 6, 6, 6, 6, 6, 6, 6, 6, 6, 6, 6,
23056.4s 100 6, 6, 6, 6, 6, 6, 6, 6, 6, 6, 6, 6, 6, 6, 6, 6, 6, 6, 6, 6, 6, 6, 6, 6,
23056.4s 101 6, 6, 6, 6, 6, 6, 6, 6, 6, 6, 6, 6, 6, 6, 6, 6, 6, 6, 6, 6, 6, 6, 6, 4,
23056.4s 102 1, 1, 1, 1, 6, 6, 6, 6, 6, 6, 6, 6, 6, 6, 6, 6, 6, 6, 6, 6, 6, 6, 6, 6,
23056.4s 103 6, 6, 6, 6, 6, 6, 6, 6, 6, 6, 6, 6])
23056.4s 104 dev_tags示例: tensor([6, 6, 6, 6, 6, 6, 6, 6, 6, 6, 6, 6, 6, 6, 6, 6, 6, 6, 6, 6, 6, 6, 6, 6,
23056.4s 105 6, 6, 6, 6, 6, 6, 6, 6, 6, 6, 6, 6, 6, 6, 6, 6, 6, 6, 6, 6, 6, 6, 6, 6,
23056.4s 106 6, 6, 6, 6, 6, 6, 6, 6, 6, 6, 6, 6, 6, 6, 6, 6, 6, 6, 6, 6, 6, 6, 6, 4,
23056.4s 107 1, 1, 6, 6, 6, 6, 6, 6, 6, 6, 6, 6, 6, 6, 6, 6, 6, 6, 6, 6, 6, 6, 6, 6,
23056.4s 108 6, 6, 6, 6, 6, 6, 6, 6, 6, 6, 6, 6])
23056.7s 109 评估模型...
23059.6s 110 Precision: 0.8997644648995825
23059.6s 111 Recall: 0.7835599579382556
23059.6s 112 F1 Score: 0.830558436561939
23060.5s 113 loss: tensor([3.2343], grad_fn=<SubBackward0>)
23060.5s 114 ===========================================
23060.5s 115 ===========================================
23060.5s 116 epoch: 5
26617.2s 117 处理dev集...
26619.1s 118 dev_data示例: (['恒', '天', '然', '公', '司', '的', '董', '事', '经', '理', 'P', 'e', 't', 'e', 'r', 'M', 'c', 'C', 'l', 'u', 'r', 'e', '表', '示', ',', '公', '司', '对', '此', '深', '感', '歉', '意', ',', '“', '虽', '然', '召', '回', '会', '对', '公', '司', '造', '成', '很', '大', '影', '响', ',', '但', '是', '食', '品', '的', '安', '全', '与', '质', '量', '是', '我', '们', '的', '首', '要', '任', '务', '。', '”', '在', '新', '西', '兰', '北', '岛', '的', '人', '们', '已', '经', '被', '告', '知', '不', '要', '再', '使', '用', '这', '些', '奶', '油', ',', '并', '且', '可', '以', '回', '到', '购', '买', '的', '地', '方', '退', '货', '。'], ['O', 'O', 'O', 'O', 'O', 'O', 'O', 'O', 'O', 'O', 'O', 'O', 'O', 'O', 'O', 'O', 'O', 'O', 'O', 'O', 'O', 'O', 'O', 'O', 'O', 'O', 'O', 'O', 'O', 'O', 'O', 'O', 'O', 'O', 'O', 'O', 'O', 'O', 'O', 'O', 'O', 'O', 'O', 'O', 'O', 'O', 'O', 'O', 'O', 'O', 'O', 'O', 'O', 'O', 'O', 'O', 'O', 'O', 'O', 'O', 'O', 'O', 'O', 'O', 'O', 'O', 'O', 'O', 'O', 'O', 'O', 'B_LOC', 'I_LOC', 'I_LOC', 'O', 'O', 'O', 'O', 'O', 'O', 'O', 'O', 'O', 'O', 'O', 'O', 'O', 'O', 'O', 'O', 'O', 'O', 'O', 'O', 'O', 'O', 'O', 'O', 'O', 'O', 'O', 'O', 'O', 'O', 'O', 'O', 'O', 'O'])
26619.1s 119 开始验证...
27583.7s 120 dev_predicts_tag示例: tensor([6, 6, 6, 6, 6, 6, 6, 6, 6, 6, 6, 6, 6, 6, 6, 6, 6, 6, 6, 6, 6, 6, 6, 6,
27583.7s 121 6, 6, 6, 6, 6, 6, 6, 6, 6, 6, 6, 6, 6, 6, 6, 6, 6, 6, 6, 6, 6, 6, 6, 6,
27583.7s 122 6, 6, 6, 6, 6, 6, 6, 6, 6, 6, 6, 6, 6, 6, 6, 6, 6, 6, 6, 6, 6, 6, 6, 4,
27583.7s 123 1, 1, 1, 1, 6, 6, 6, 6, 6, 6, 6, 6, 6, 6, 6, 6, 6, 6, 6, 6, 6, 6, 6, 6,
27583.7s 124 6, 6, 6, 6, 6, 6, 6, 6, 6, 6, 6, 6])
27583.7s 125 dev_tags示例: tensor([6, 6, 6, 6, 6, 6, 6, 6, 6, 6, 6, 6, 6, 6, 6, 6, 6, 6, 6, 6, 6, 6, 6, 6,
27583.7s 126 6, 6, 6, 6, 6, 6, 6, 6, 6, 6, 6, 6, 6, 6, 6, 6, 6, 6, 6, 6, 6, 6, 6, 6,
27583.7s 127 6, 6, 6, 6, 6, 6, 6, 6, 6, 6, 6, 6, 6, 6, 6, 6, 6, 6, 6, 6, 6, 6, 6, 4,
27583.7s 128 1, 1, 6, 6, 6, 6, 6, 6, 6, 6, 6, 6, 6, 6, 6, 6, 6, 6, 6, 6, 6, 6, 6, 6,
27583.7s 129 6, 6, 6, 6, 6, 6, 6, 6, 6, 6, 6, 6])
27584.0s 130 评估模型...
27586.7s 131 Precision: 0.9061082820407818
27586.7s 132 Recall: 0.7995746037307266
27586.7s 133 F1 Score: 0.8428845501277675
27587.6s 134 loss: tensor([0.1250], grad_fn=<SubBackward0>)
27587.6s 135 ===========================================
27587.6s 136 ===========================================
27587.6s 137 epoch: 6
31203.9s 138 处理dev集...
31206.2s 139 dev_data示例: (['恒', '天', '然', '公', '司', '的', '董', '事', '经', '理', 'P', 'e', 't', 'e', 'r', 'M', 'c', 'C', 'l', 'u', 'r', 'e', '表', '示', ',', '公', '司', '对', '此', '深', '感', '歉', '意', ',', '“', '虽', '然', '召', '回', '会', '对', '公', '司', '造', '成', '很', '大', '影', '响', ',', '但', '是', '食', '品', '的', '安', '全', '与', '质', '量', '是', '我', '们', '的', '首', '要', '任', '务', '。', '”', '在', '新', '西', '兰', '北', '岛', '的', '人', '们', '已', '经', '被', '告', '知', '不', '要', '再', '使', '用', '这', '些', '奶', '油', ',', '并', '且', '可', '以', '回', '到', '购', '买', '的', '地', '方', '退', '货', '。'], ['O', 'O', 'O', 'O', 'O', 'O', 'O', 'O', 'O', 'O', 'O', 'O', 'O', 'O', 'O', 'O', 'O', 'O', 'O', 'O', 'O', 'O', 'O', 'O', 'O', 'O', 'O', 'O', 'O', 'O', 'O', 'O', 'O', 'O', 'O', 'O', 'O', 'O', 'O', 'O', 'O', 'O', 'O', 'O', 'O', 'O', 'O', 'O', 'O', 'O', 'O', 'O', 'O', 'O', 'O', 'O', 'O', 'O', 'O', 'O', 'O', 'O', 'O', 'O', 'O', 'O', 'O', 'O', 'O', 'O', 'O', 'B_LOC', 'I_LOC', 'I_LOC', 'O', 'O', 'O', 'O', 'O', 'O', 'O', 'O', 'O', 'O', 'O', 'O', 'O', 'O', 'O', 'O', 'O', 'O', 'O', 'O', 'O', 'O', 'O', 'O', 'O', 'O', 'O', 'O', 'O', 'O', 'O', 'O', 'O', 'O'])
31206.2s 140 开始验证...
32177.2s 141 dev_predicts_tag示例: tensor([6, 6, 6, 6, 6, 6, 6, 6, 6, 6, 6, 6, 6, 6, 6, 6, 6, 6, 6, 6, 6, 6, 6, 6,
32177.2s 142 6, 6, 6, 6, 6, 6, 6, 6, 6, 6, 6, 6, 6, 6, 6, 6, 6, 6, 6, 6, 6, 6, 6, 6,
32177.2s 143 6, 6, 6, 6, 6, 6, 6, 6, 6, 6, 6, 6, 6, 6, 6, 6, 6, 6, 6, 6, 6, 6, 6, 4,
32177.2s 144 1, 1, 1, 1, 6, 6, 6, 6, 6, 6, 6, 6, 6, 6, 6, 6, 6, 6, 6, 6, 6, 6, 6, 6,
32177.2s 145 6, 6, 6, 6, 6, 6, 6, 6, 6, 6, 6, 6])
32177.2s 146 dev_tags示例: tensor([6, 6, 6, 6, 6, 6, 6, 6, 6, 6, 6, 6, 6, 6, 6, 6, 6, 6, 6, 6, 6, 6, 6, 6,
32177.2s 147 6, 6, 6, 6, 6, 6, 6, 6, 6, 6, 6, 6, 6, 6, 6, 6, 6, 6, 6, 6, 6, 6, 6, 6,
32177.2s 148 6, 6, 6, 6, 6, 6, 6, 6, 6, 6, 6, 6, 6, 6, 6, 6, 6, 6, 6, 6, 6, 6, 6, 4,
32177.2s 149 1, 1, 6, 6, 6, 6, 6, 6, 6, 6, 6, 6, 6, 6, 6, 6, 6, 6, 6, 6, 6, 6, 6, 6,
32177.2s 150 6, 6, 6, 6, 6, 6, 6, 6, 6, 6, 6, 6])
32177.4s 151 评估模型...
32180.1s 152 Precision: 0.9169858649390482
32180.1s 153 Recall: 0.7870130248189975
32180.1s 154 F1 Score: 0.8368296422645114
32181.0s 155 loss: tensor([1.2258], grad_fn=<SubBackward0>)
32181.0s 156 ===========================================
32181.0s 157 ===========================================
32181.0s 158 epoch: 7
35860.7s 159 处理dev集...
35861.6s 160 dev_data示例: (['恒', '天', '然', '公', '司', '的', '董', '事', '经', '理', 'P', 'e', 't', 'e', 'r', 'M', 'c', 'C', 'l', 'u', 'r', 'e', '表', '示', ',', '公', '司', '对', '此', '深', '感', '歉', '意', ',', '“', '虽', '然', '召', '回', '会', '对', '公', '司', '造', '成', '很', '大', '影', '响', ',', '但', '是', '食', '品', '的', '安', '全', '与', '质', '量', '是', '我', '们', '的', '首', '要', '任', '务', '。', '”', '在', '新', '西', '兰', '北', '岛', '的', '人', '们', '已', '经', '被', '告', '知', '不', '要', '再', '使', '用', '这', '些', '奶', '油', ',', '并', '且', '可', '以', '回', '到', '购', '买', '的', '地', '方', '退', '货', '。'], ['O', 'O', 'O', 'O', 'O', 'O', 'O', 'O', 'O', 'O', 'O', 'O', 'O', 'O', 'O', 'O', 'O', 'O', 'O', 'O', 'O', 'O', 'O', 'O', 'O', 'O', 'O', 'O', 'O', 'O', 'O', 'O', 'O', 'O', 'O', 'O', 'O', 'O', 'O', 'O', 'O', 'O', 'O', 'O', 'O', 'O', 'O', 'O', 'O', 'O', 'O', 'O', 'O', 'O', 'O', 'O', 'O', 'O', 'O', 'O', 'O', 'O', 'O', 'O', 'O', 'O', 'O', 'O', 'O', 'O', 'O', 'B_LOC', 'I_LOC', 'I_LOC', 'O', 'O', 'O', 'O', 'O', 'O', 'O', 'O', 'O', 'O', 'O', 'O', 'O', 'O', 'O', 'O', 'O', 'O', 'O', 'O', 'O', 'O', 'O', 'O', 'O', 'O', 'O', 'O', 'O', 'O', 'O', 'O', 'O', 'O'])
35861.6s 161 开始验证...
36835.7s 162 dev_predicts_tag示例: tensor([6, 6, 6, 6, 6, 6, 6, 6, 6, 6, 6, 6, 6, 6, 6, 6, 6, 6, 6, 6, 6, 6, 6, 6,
36835.7s 163 6, 6, 6, 6, 6, 6, 6, 6, 6, 6, 6, 6, 6, 6, 6, 6, 6, 6, 6, 6, 6, 6, 6, 6,
36835.7s 164 6, 6, 6, 6, 6, 6, 6, 6, 6, 6, 6, 6, 6, 6, 6, 6, 6, 6, 6, 6, 6, 6, 6, 4,
36835.7s 165 1, 1, 1, 1, 6, 6, 6, 6, 6, 6, 6, 6, 6, 6, 6, 6, 6, 6, 6, 6, 6, 6, 6, 6,
36835.7s 166 6, 6, 6, 6, 6, 6, 6, 6, 6, 6, 6, 6])
36835.7s 167 dev_tags示例: tensor([6, 6, 6, 6, 6, 6, 6, 6, 6, 6, 6, 6, 6, 6, 6, 6, 6, 6, 6, 6, 6, 6, 6, 6,
36835.7s 168 6, 6, 6, 6, 6, 6, 6, 6, 6, 6, 6, 6, 6, 6, 6, 6, 6, 6, 6, 6, 6, 6, 6, 6,
36835.7s 169 6, 6, 6, 6, 6, 6, 6, 6, 6, 6, 6, 6, 6, 6, 6, 6, 6, 6, 6, 6, 6, 6, 6, 4,
36835.7s 170 1, 1, 6, 6, 6, 6, 6, 6, 6, 6, 6, 6, 6, 6, 6, 6, 6, 6, 6, 6, 6, 6, 6, 6,
36835.7s 171 6, 6, 6, 6, 6, 6, 6, 6, 6, 6, 6, 6])
36835.9s 172 评估模型...
36838.6s 173 Precision: 0.856587839776552
36838.6s 174 Recall: 0.8753180621184842
36838.6s 175 F1 Score: 0.8653860127927803
36839.5s 176 loss: tensor([2.1464], grad_fn=<SubBackward0>)
36839.5s 177 ===========================================
36839.5s 178 ===========================================
36839.5s 179 epoch: 8
40142.7s 180 处理dev集...
40143.3s 181 dev_data示例: (['恒', '天', '然', '公', '司', '的', '董', '事', '经', '理', 'P', 'e', 't', 'e', 'r', 'M', 'c', 'C', 'l', 'u', 'r', 'e', '表', '示', ',', '公', '司', '对', '此', '深', '感', '歉', '意', ',', '“', '虽', '然', '召', '回', '会', '对', '公', '司', '造', '成', '很', '大', '影', '响', ',', '但', '是', '食', '品', '的', '安', '全', '与', '质', '量', '是', '我', '们', '的', '首', '要', '任', '务', '。', '”', '在', '新', '西', '兰', '北', '岛', '的', '人', '们', '已', '经', '被', '告', '知', '不', '要', '再', '使', '用', '这', '些', '奶', '油', ',', '并', '且', '可', '以', '回', '到', '购', '买', '的', '地', '方', '退', '货', '。'], ['O', 'O', 'O', 'O', 'O', 'O', 'O', 'O', 'O', 'O', 'O', 'O', 'O', 'O', 'O', 'O', 'O', 'O', 'O', 'O', 'O', 'O', 'O', 'O', 'O', 'O', 'O', 'O', 'O', 'O', 'O', 'O', 'O', 'O', 'O', 'O', 'O', 'O', 'O', 'O', 'O', 'O', 'O', 'O', 'O', 'O', 'O', 'O', 'O', 'O', 'O', 'O', 'O', 'O', 'O', 'O', 'O', 'O', 'O', 'O', 'O', 'O', 'O', 'O', 'O', 'O', 'O', 'O', 'O', 'O', 'O', 'B_LOC', 'I_LOC', 'I_LOC', 'O', 'O', 'O', 'O', 'O', 'O', 'O', 'O', 'O', 'O', 'O', 'O', 'O', 'O', 'O', 'O', 'O', 'O', 'O', 'O', 'O', 'O', 'O', 'O', 'O', 'O', 'O', 'O', 'O', 'O', 'O', 'O', 'O', 'O'])
40143.3s 182 开始验证...
41071.6s 183 dev_predicts_tag示例: tensor([6, 6, 6, 6, 6, 6, 6, 6, 6, 6, 6, 6, 6, 6, 6, 6, 6, 6, 6, 6, 6, 6, 6, 6,
41071.6s 184 6, 6, 6, 6, 6, 6, 6, 6, 6, 6, 6, 6, 6, 6, 6, 6, 6, 6, 6, 6, 6, 6, 6, 6,
41071.6s 185 6, 6, 6, 6, 6, 6, 6, 6, 6, 6, 6, 6, 6, 6, 6, 6, 6, 6, 6, 6, 6, 6, 6, 4,
41071.6s 186 1, 1, 1, 1, 6, 6, 6, 6, 6, 6, 6, 6, 6, 6, 6, 6, 6, 6, 6, 6, 6, 6, 6, 6,
41071.6s 187 6, 6, 6, 6, 6, 6, 6, 6, 6, 6, 6, 6])
41071.6s 188 dev_tags示例: tensor([6, 6, 6, 6, 6, 6, 6, 6, 6, 6, 6, 6, 6, 6, 6, 6, 6, 6, 6, 6, 6, 6, 6, 6,
41071.6s 189 6, 6, 6, 6, 6, 6, 6, 6, 6, 6, 6, 6, 6, 6, 6, 6, 6, 6, 6, 6, 6, 6, 6, 6,
41071.6s 190 6, 6, 6, 6, 6, 6, 6, 6, 6, 6, 6, 6, 6, 6, 6, 6, 6, 6, 6, 6, 6, 6, 6, 4,
41071.6s 191 1, 1, 6, 6, 6, 6, 6, 6, 6, 6, 6, 6, 6, 6, 6, 6, 6, 6, 6, 6, 6, 6, 6, 6,
41071.6s 192 6, 6, 6, 6, 6, 6, 6, 6, 6, 6, 6, 6])
41071.9s 193 评估模型...
41074.5s 194 Precision: 0.9238871503361502
41074.5s 195 Recall: 0.8135023261314851
41074.5s 196 F1 Score: 0.8600205212146144
41075.4s 197 loss: tensor([0.4333], grad_fn=<SubBackward0>)
41075.4s 198 ===========================================
41075.4s 199 ===========================================
41075.4s 200 epoch: 9